
Call graph (*** = already visited):

  Uncalled:
  0 TIM2_IRQHandler [24]
    8 MyGPIO_Toggle [16]
      24 GPIO_ReadInputDataBit [0]
      24 GPIO_ResetBits [0]
      24 GPIO_SetBits [0]
    8 TIM_ClearFlag [0]
    8 TIM_GetFlagStatus [0]

  Uncalled:
  0 TIM1_UP_IRQHandler [32]
    8 TIM1_IRQn [24]
      16 MyGPIO_Toggle [16] ***
    8 TIM_ClearFlag [0] ***
    8 TIM_ClearITPendingBit [0]
    8 TIM_GetFlagStatus [0] ***

  Uncalled:
  0 BusFault_Handler [0]

  Uncalled:
  0 DebugMon_Handler [0]

  Uncalled:
  0 HardFault_Handler [0]

  Uncalled:
  0 MemManage_Handler [0]

  Uncalled:
  0 NMI_Handler [0]

  Uncalled:
  0 PendSV_Handler [0]

  Uncalled:
  0 SVC_Handler [0]

  Uncalled:
  0 SysTick_Handler [0]

  Uncalled:
  0 UsageFault_Handler [0]

  Uncalled:
  0 SystemInit [24]
    8 SetSysClock (system_stm32f10x.o) [16]
      16 SetSysClockTo72 (system_stm32f10x.o) [8]
        24 - [0]

  Program entry:
  0 __iar_program_start [72]
    0 __cmain [72]
      0 __iar_data_init3 [16]
        8 __iar_zero_init3 [8]
          16 - [0]
        8 __iar_copy_init3 [0]
      0 __low_level_init [0]
      0 main [72]
        24 DWTDelay_ms (main.o) [4]
          28 - [0]
        24 GPIO_Config [32]
          40 GPIO_DeInit [8]
            48 RCC_APB2PeriphResetCmd [0]
          40 GPIO_Init [16]
            56 - [0]
          40 RCC_APB2PeriphClockCmd [0]
        24 DWTDelay_Init [0]
        24 GPIO_DeInit [8] ***
        24 GPIO_ResetBits [0] ***
        24 GPIO_SetBits [0] ***
        24 MeM_Init [32]
          48 __aeabi_memcpy4 [8]
            56 - [0]
        24 MyGPIO_Init [40]
          48 GPIO_Init [16] ***
          48 RCC_APB2PeriphClockCmd [0] ***
        24 MyTimer_Init [48]
          56 MyTimer_Conversion [16]
            72 - [0]
          56 NVIC_Init [0]
          56 NVIC_PriorityGroupConfig [0]
          56 RCC_APB2PeriphClockCmd [0] ***
          56 TIM_ClearFlag [0] ***
          56 TIM_Cmd [0]
          56 TIM_ITConfig [0]
          56 TIM_TimeBaseInit [4]
            60 - [0]
        24 MyTimer_OnOrOffIrq [0]
        24 RCC_GetClocksFreq [4]
          28 - [0]
        24 SetSysClock [24]
          32 SetSysClockTo72 [16]
            40 FLASH_PrefetchBufferCmd [0]
            40 FLASH_SetLatency [0]
            40 RCC_DeInit [0]
            40 RCC_GetFlagStatus [0]
            40 RCC_GetSYSCLKSource [0]
            40 RCC_HCLKConfig [0]
            40 RCC_HSEConfig [0]
            40 RCC_PCLK1Config [0]
            40 RCC_PCLK2Config [0]
            40 RCC_PLLCmd [0]
            40 RCC_PLLConfig [0]
            40 RCC_SYSCLKConfig [0]
            40 RCC_WaitForHSEStartUp [8]
              48 RCC_GetFlagStatus [0] ***
          32 RCC_DeInit [0] ***
          32 delay_init [0]
      0 exit [8]
        0 _exit [8]
          0 __exit [8]
            8 - [0]


