2024-03-27 08:59:18,991 [INFO] Activator:179 - 


2024-03-27 08:59:18,991 [INFO] Activator:180 - !SESSION log4j initialized
2024-03-27 08:59:24,602 [ERROR] ConfigurationRetriever:140 - IOException on connection: connect timed out
2024-03-27 08:59:26,619 [ERROR] ConfigurationRetriever:140 - IOException on connection: connect timed out
2024-03-27 08:59:28,624 [ERROR] ConfigurationRetriever:140 - IOException on connection: connect timed out
2024-03-27 08:59:35,145 [INFO] McuFinderGlobals:52 - Set McuFinder mode to 2 (CubeIDE integrated)
2024-03-27 08:59:35,229 [INFO] ApplicationProperties:181 - Using Application install path: C:\ST\STM32CubeIDE_1.11.2\STM32CubeIDE\plugins\com.st.stm32cube.common.mx_6.7.0.202301130839
2024-03-27 08:59:35,240 [INFO] DbMcusXml:77 - Set database path to: C:\ST\STM32CubeIDE_1.11.2\STM32CubeIDE\plugins\com.st.stm32cube.common.mx_6.7.0.202301130839\\db\/mcu/
2024-03-27 08:59:35,240 [INFO] ApiDb:273 - Set plugin database path to: C:\ST\STM32CubeIDE_1.11.2\STM32CubeIDE\plugins\com.st.stm32cube.common.mx_6.7.0.202301130839\\db\/plugins/boardmanager/
2024-03-27 08:59:35,242 [WARN] ApiDb:258 - Overriding images path with different value:  => C:\ST\STM32CubeIDE_1.11.2\STM32CubeIDE\plugins\com.st.stm32cube.common.mx_6.7.0.202301130839\\db\/plugins/mcufinder/images/
2024-03-27 08:59:35,252 [INFO] ApiDb:249 - Set database path to: C:\Users\ADMIN\.stmcufinder\plugins\mcufinder//mcu/
2024-03-27 08:59:35,254 [INFO] DbMcusAds:124 - Set database path to: C:\Users\ADMIN\.stmcufinder\plugins\mcufinder//mcu/
2024-03-27 08:59:35,975 [INFO] CrossReferenceDbSqlite:202 - Set database path to: C:\Users\ADMIN\.stmcufinder\plugins\mcufinder//mcu/cs/
2024-03-27 08:59:36,057 [INFO] RulesReader:61 - Compatibility file has been processed (283 Rules)
2024-03-27 08:59:36,121 [INFO] DbMcusXml:77 - Set database path to: C:\ST\STM32CubeIDE_1.11.2\STM32CubeIDE\plugins\com.st.stm32cube.common.mx_6.7.0.202301130839\\db\/mcu/
2024-03-27 08:59:36,121 [INFO] ApiDb:273 - Set plugin database path to: C:\ST\STM32CubeIDE_1.11.2\STM32CubeIDE\plugins\com.st.stm32cube.common.mx_6.7.0.202301130839\\db\/plugins/boardmanager/
2024-03-27 08:59:36,122 [INFO] ApiDb:260 - Set plugin images path to: C:\ST\STM32CubeIDE_1.11.2\STM32CubeIDE\plugins\com.st.stm32cube.common.mx_6.7.0.202301130839\\db\/plugins/mcufinder/images/
2024-03-27 08:59:36,122 [WARN] DbFile:40 - Overriding database path with different value: C:\Users\ADMIN\.stmcufinder\plugins\mcufinder/ => C:\Users\ADMIN\.stmcufinder\plugins\mcufinder
2024-03-27 08:59:36,122 [INFO] ApiDb:249 - Set database path to: C:\Users\ADMIN\.stmcufinder\plugins\mcufinder//mcu/
2024-03-27 08:59:36,122 [WARN] DbFile:40 - Overriding database path with different value: C:\Users\ADMIN\.stmcufinder\plugins\mcufinder/ => C:\Users\ADMIN\.stmcufinder\plugins\mcufinder
2024-03-27 08:59:36,122 [INFO] DbMcusAds:124 - Set database path to: C:\Users\ADMIN\.stmcufinder\plugins\mcufinder//mcu/
2024-03-27 08:59:36,123 [WARN] DbFile:40 - Overriding database path with different value: C:\Users\ADMIN\.stmcufinder\plugins\mcufinder/ => C:\Users\ADMIN\.stmcufinder\plugins\mcufinder
2024-03-27 08:59:36,123 [WARN] DbFile:40 - Overriding database path with different value: C:\Users\ADMIN\.stmcufinder\plugins\mcufinder/ => C:\Users\ADMIN\.stmcufinder\plugins\mcufinder
2024-03-27 08:59:36,978 [INFO] CrossReferenceDbSqlite:202 - Set database path to: C:\Users\ADMIN\.stmcufinder\plugins\mcufinder//mcu/cs/
2024-03-27 08:59:37,035 [INFO] MainPanel:252 - HeapMemory: 268435456
2024-03-27 08:59:37,081 [INFO] DbMcusXml:77 - Set database path to: C:\ST\STM32CubeIDE_1.11.2\STM32CubeIDE\plugins\com.st.stm32cube.common.mx_6.7.0.202301130839\\db\/mcu/
2024-03-27 08:59:37,081 [INFO] ApiDb:273 - Set plugin database path to: C:\ST\STM32CubeIDE_1.11.2\STM32CubeIDE\plugins\com.st.stm32cube.common.mx_6.7.0.202301130839\\db\/plugins/boardmanager/
2024-03-27 08:59:37,081 [INFO] ApiDb:260 - Set plugin images path to: C:\ST\STM32CubeIDE_1.11.2\STM32CubeIDE\plugins\com.st.stm32cube.common.mx_6.7.0.202301130839\\db\/plugins/mcufinder/images/
2024-03-27 08:59:37,081 [WARN] DbFile:40 - Overriding database path with different value: C:\Users\ADMIN\.stmcufinder\plugins\mcufinder/ => C:\Users\ADMIN\.stmcufinder\plugins\mcufinder
2024-03-27 08:59:37,082 [INFO] ApiDb:249 - Set database path to: C:\Users\ADMIN\.stmcufinder\plugins\mcufinder//mcu/
2024-03-27 08:59:37,082 [WARN] DbFile:40 - Overriding database path with different value: C:\Users\ADMIN\.stmcufinder\plugins\mcufinder/ => C:\Users\ADMIN\.stmcufinder\plugins\mcufinder
2024-03-27 08:59:37,082 [INFO] DbMcusAds:124 - Set database path to: C:\Users\ADMIN\.stmcufinder\plugins\mcufinder//mcu/
2024-03-27 08:59:37,082 [WARN] DbFile:40 - Overriding database path with different value: C:\Users\ADMIN\.stmcufinder\plugins\mcufinder/ => C:\Users\ADMIN\.stmcufinder\plugins\mcufinder
2024-03-27 08:59:37,082 [WARN] DbFile:40 - Overriding database path with different value: C:\Users\ADMIN\.stmcufinder\plugins\mcufinder/ => C:\Users\ADMIN\.stmcufinder\plugins\mcufinder
2024-03-27 08:59:37,976 [INFO] CrossReferenceDbSqlite:202 - Set database path to: C:\Users\ADMIN\.stmcufinder\plugins\mcufinder//mcu/cs/
2024-03-27 08:59:37,991 [INFO] ApplicationProperties:181 - Using Application install path: C:\ST\STM32CubeIDE_1.11.2\STM32CubeIDE\plugins\com.st.stm32cube.common.mx_6.7.0.202301130839
2024-03-27 08:59:37,992 [INFO] PluginManage:193 - Search for loadable plugins [exclusion list=, ]
2024-03-27 08:59:37,993 [INFO] PluginManage:307 - Check plugin analytics
2024-03-27 08:59:39,021 [INFO] AnalyticsPlugin:262 - Accepted Software Licenses: STM32CubeMX.6.7.0
2024-03-27 08:59:39,022 [INFO] AnalyticsPlugin:264 - Accepted CMSIS Pack Licenses: 
2024-03-27 08:59:39,022 [INFO] AnalyticsPlugin:266 - Accepted Firmware Licenses: 
2024-03-27 08:59:39,030 [INFO] PluginManage:356 - Loaded plugin analytics (category:tool,tabindex:-1)
2024-03-27 08:59:39,030 [INFO] PluginManage:307 - Check plugin cadmodel
2024-03-27 08:59:39,034 [INFO] CADModel:104 - Init CAD model plugin
2024-03-27 08:59:39,034 [INFO] PluginManage:356 - Loaded plugin cadmodel (category:power,tabindex:5)
2024-03-27 08:59:39,034 [INFO] PluginManage:307 - Check plugin clock
2024-03-27 08:59:39,041 [INFO] PluginManage:356 - Loaded plugin clock (category:base,tabindex:2)
2024-03-27 08:59:39,041 [INFO] PluginManage:307 - Check plugin ddr
2024-03-27 08:59:39,043 [INFO] PluginManage:356 - Loaded plugin ddr (category:tool,tabindex:6)
2024-03-27 08:59:39,043 [INFO] PluginManage:307 - Check plugin filemanager
2024-03-27 08:59:39,155 [INFO] PluginManage:356 - Loaded plugin filemanager (category:base,tabindex:10)
2024-03-27 08:59:39,155 [INFO] PluginManage:307 - Check plugin ipmanager
2024-03-27 08:59:39,173 [INFO] PluginManage:356 - Loaded plugin ipmanager (category:base,tabindex:5)
2024-03-27 08:59:39,173 [INFO] PluginManage:307 - Check plugin lpbam
2024-03-27 08:59:39,179 [INFO] PluginManage:356 - Loaded plugin lpbam (category:base,tabindex:0)
2024-03-27 08:59:39,179 [INFO] PluginManage:307 - Check plugin pinoutandconfiguration
2024-03-27 08:59:39,184 [INFO] PluginManage:356 - Loaded plugin pinoutandconfiguration (category:base,tabindex:1)
2024-03-27 08:59:39,184 [INFO] PluginManage:307 - Check plugin pinoutconfig
2024-03-27 08:59:39,211 [INFO] PluginManage:356 - Loaded plugin pinoutconfig (category:base,tabindex:0)
2024-03-27 08:59:39,211 [INFO] PluginManage:307 - Check plugin power
2024-03-27 08:59:39,216 [INFO] PluginManage:356 - Loaded plugin power (category:power,tabindex:4)
2024-03-27 08:59:39,216 [INFO] PluginManage:307 - Check plugin projectmanager
2024-03-27 08:59:39,226 [INFO] PluginManage:356 - Loaded plugin projectmanager (category:projectmanager,tabindex:3)
2024-03-27 08:59:39,227 [INFO] PluginManage:307 - Check plugin thirdparty
2024-03-27 08:59:39,319 [INFO] PluginManage:356 - Loaded plugin thirdparty (category:base,tabindex:-1)
2024-03-27 08:59:39,319 [WARN] IntegrityCheckThread:82 - waiting for thirdparty lock release [integrity check]
2024-03-27 08:59:39,319 [INFO] PluginManage:307 - Check plugin tools
2024-03-27 08:59:39,319 [INFO] IntegrityCheckThread:84 - entering critical section [integrity check]
2024-03-27 08:59:39,321 [INFO] ThirdPartyUpdaterWithRetryManager:70 - Updater plugin not ready yet. [1/15]
2024-03-27 08:59:39,321 [INFO] PluginManage:356 - Loaded plugin tools (category:base,tabindex:7)
2024-03-27 08:59:39,321 [INFO] PluginManage:307 - Check plugin tutovideos
2024-03-27 08:59:39,446 [INFO] PluginManage:356 - Loaded plugin tutovideos (category:base,tabindex:-1)
2024-03-27 08:59:39,446 [INFO] PluginManage:307 - Check plugin updater
2024-03-27 08:59:39,459 [INFO] PluginManage:356 - Loaded plugin updater (category:base,tabindex:12)
2024-03-27 08:59:39,460 [INFO] PluginManage:280 - PluginManage : Loaded plugins [15]
2024-03-27 08:59:39,627 [INFO] PinOutPanel:1477 - setPackage(No Configuration,No Configuration)
2024-03-27 08:59:39,673 [INFO] CADModel:164 - CPN selected for project level
2024-03-27 08:59:39,673 [INFO] CADModel:113 - Register for checkConnection events
2024-03-27 08:59:39,684 [INFO] IPUIPlugin:79 - create IPUIPlugin
2024-03-27 08:59:39,684 [INFO] PluginManager:219 - loadIPPluginJar : add adc
2024-03-27 08:59:39,686 [INFO] IPUIPlugin:79 - create IPUIPlugin
2024-03-27 08:59:39,686 [INFO] PluginManager:219 - loadIPPluginJar : add aes
2024-03-27 08:59:39,687 [INFO] IPUIPlugin:79 - create IPUIPlugin
2024-03-27 08:59:39,687 [INFO] PluginManager:219 - loadIPPluginJar : add can
2024-03-27 08:59:39,688 [INFO] IPUIPlugin:79 - create IPUIPlugin
2024-03-27 08:59:39,688 [INFO] PluginManager:219 - loadIPPluginJar : add comp
2024-03-27 08:59:39,690 [INFO] IPUIPlugin:79 - create IPUIPlugin
2024-03-27 08:59:39,690 [INFO] PluginManager:219 - loadIPPluginJar : add cryp
2024-03-27 08:59:39,691 [INFO] IPUIPlugin:79 - create IPUIPlugin
2024-03-27 08:59:39,691 [INFO] PluginManager:219 - loadIPPluginJar : add dfsdm
2024-03-27 08:59:39,695 [INFO] IPUIPlugin:79 - create IPUIPlugin
2024-03-27 08:59:39,696 [INFO] PluginManager:219 - loadIPPluginJar : add dma
2024-03-27 08:59:39,697 [INFO] IPUIPlugin:79 - create IPUIPlugin
2024-03-27 08:59:39,697 [INFO] PluginManager:219 - loadIPPluginJar : add dma3
2024-03-27 08:59:39,698 [INFO] IPUIPlugin:79 - create IPUIPlugin
2024-03-27 08:59:39,698 [INFO] PluginManager:219 - loadIPPluginJar : add fatfs
2024-03-27 08:59:39,701 [INFO] IPUIPlugin:79 - create IPUIPlugin
2024-03-27 08:59:39,701 [INFO] PluginManager:219 - loadIPPluginJar : add fmc
2024-03-27 08:59:39,704 [INFO] IPUIPlugin:79 - create IPUIPlugin
2024-03-27 08:59:39,705 [INFO] PluginManager:219 - loadIPPluginJar : add freertos
2024-03-27 08:59:39,705 [INFO] IPUIPlugin:79 - create IPUIPlugin
2024-03-27 08:59:39,705 [INFO] PluginManager:219 - loadIPPluginJar : add genericplugin
2024-03-27 08:59:39,706 [INFO] IPUIPlugin:79 - create IPUIPlugin
2024-03-27 08:59:39,707 [INFO] PluginManager:219 - loadIPPluginJar : add gfxmmu
2024-03-27 08:59:39,709 [INFO] IPUIPlugin:79 - create IPUIPlugin
2024-03-27 08:59:39,710 [INFO] PluginManager:219 - loadIPPluginJar : add gic
2024-03-27 08:59:39,712 [INFO] IPUIPlugin:79 - create IPUIPlugin
2024-03-27 08:59:39,713 [INFO] PluginManager:219 - loadIPPluginJar : add gpio
2024-03-27 08:59:39,714 [INFO] IPUIPlugin:79 - create IPUIPlugin
2024-03-27 08:59:39,714 [INFO] PluginManager:219 - loadIPPluginJar : add gtzc
2024-03-27 08:59:39,715 [INFO] IPUIPlugin:79 - create IPUIPlugin
2024-03-27 08:59:39,715 [INFO] PluginManager:219 - loadIPPluginJar : add hash
2024-03-27 08:59:39,717 [INFO] IPUIPlugin:79 - create IPUIPlugin
2024-03-27 08:59:39,717 [INFO] PluginManager:219 - loadIPPluginJar : add i2c
2024-03-27 08:59:39,719 [INFO] IPUIPlugin:79 - create IPUIPlugin
2024-03-27 08:59:39,719 [INFO] PluginManager:219 - loadIPPluginJar : add i2s
2024-03-27 08:59:39,721 [INFO] IPUIPlugin:79 - create IPUIPlugin
2024-03-27 08:59:39,721 [INFO] PluginManager:219 - loadIPPluginJar : add ipddr
2024-03-27 08:59:39,725 [INFO] IPUIPlugin:79 - create IPUIPlugin
2024-03-27 08:59:39,725 [INFO] PluginManager:219 - loadIPPluginJar : add linkedlist
2024-03-27 08:59:39,727 [INFO] IPUIPlugin:79 - create IPUIPlugin
2024-03-27 08:59:39,727 [INFO] PluginManager:219 - loadIPPluginJar : add lorawan
2024-03-27 08:59:39,728 [INFO] IPUIPlugin:79 - create IPUIPlugin
2024-03-27 08:59:39,728 [INFO] PluginManager:219 - loadIPPluginJar : add ltdc
2024-03-27 08:59:39,732 [INFO] IPUIPlugin:79 - create IPUIPlugin
2024-03-27 08:59:39,732 [INFO] PluginManager:219 - loadIPPluginJar : add mdma
2024-03-27 08:59:39,734 [INFO] IPUIPlugin:79 - create IPUIPlugin
2024-03-27 08:59:39,734 [INFO] PluginManager:219 - loadIPPluginJar : add nvic
2024-03-27 08:59:39,736 [INFO] IPUIPlugin:79 - create IPUIPlugin
2024-03-27 08:59:39,736 [INFO] PluginManager:219 - loadIPPluginJar : add opamp
2024-03-27 08:59:39,738 [INFO] IPUIPlugin:79 - create IPUIPlugin
2024-03-27 08:59:39,738 [INFO] PluginManager:219 - loadIPPluginJar : add openamp
2024-03-27 08:59:39,739 [INFO] IPUIPlugin:79 - create IPUIPlugin
2024-03-27 08:59:39,740 [INFO] PluginManager:219 - loadIPPluginJar : add pdm2pcm
2024-03-27 08:59:39,744 [INFO] IPUIPlugin:79 - create IPUIPlugin
2024-03-27 08:59:39,746 [INFO] PluginManager:219 - loadIPPluginJar : add plateformsettings
2024-03-27 08:59:39,747 [INFO] IPUIPlugin:79 - create IPUIPlugin
2024-03-27 08:59:39,747 [INFO] PluginManager:219 - loadIPPluginJar : add quadspi
2024-03-27 08:59:39,749 [INFO] IPUIPlugin:79 - create IPUIPlugin
2024-03-27 08:59:39,749 [INFO] PluginManager:219 - loadIPPluginJar : add resmgrutility
2024-03-27 08:59:39,751 [INFO] IPUIPlugin:79 - create IPUIPlugin
2024-03-27 08:59:39,751 [INFO] PluginManager:219 - loadIPPluginJar : add sai
2024-03-27 08:59:39,752 [INFO] IPUIPlugin:79 - create IPUIPlugin
2024-03-27 08:59:39,753 [INFO] PluginManager:219 - loadIPPluginJar : add spi
2024-03-27 08:59:39,756 [INFO] IPUIPlugin:79 - create IPUIPlugin
2024-03-27 08:59:39,756 [INFO] PluginManager:219 - loadIPPluginJar : add stm32_wpan
2024-03-27 08:59:39,757 [INFO] IPUIPlugin:79 - create IPUIPlugin
2024-03-27 08:59:39,757 [INFO] PluginManager:219 - loadIPPluginJar : add tim
2024-03-27 08:59:39,759 [INFO] IPUIPlugin:79 - create IPUIPlugin
2024-03-27 08:59:39,759 [INFO] PluginManager:219 - loadIPPluginJar : add touchsensing
2024-03-27 08:59:39,760 [INFO] IPUIPlugin:79 - create IPUIPlugin
2024-03-27 08:59:39,760 [INFO] PluginManager:219 - loadIPPluginJar : add tracer_emb
2024-03-27 08:59:39,762 [INFO] IPUIPlugin:79 - create IPUIPlugin
2024-03-27 08:59:39,762 [INFO] PluginManager:219 - loadIPPluginJar : add ts
2024-03-27 08:59:39,763 [INFO] IPUIPlugin:79 - create IPUIPlugin
2024-03-27 08:59:39,763 [INFO] PluginManager:219 - loadIPPluginJar : add tsc
2024-03-27 08:59:39,764 [INFO] IPUIPlugin:79 - create IPUIPlugin
2024-03-27 08:59:39,764 [INFO] PluginManager:219 - loadIPPluginJar : add ucpd
2024-03-27 08:59:39,766 [INFO] IPUIPlugin:79 - create IPUIPlugin
2024-03-27 08:59:39,766 [INFO] PluginManager:219 - loadIPPluginJar : add usart
2024-03-27 08:59:39,768 [INFO] IPUIPlugin:79 - create IPUIPlugin
2024-03-27 08:59:39,769 [INFO] PluginManager:219 - loadIPPluginJar : add usbx
2024-03-27 08:59:39,882 [INFO] CADModel:164 - CPN selected for project level
2024-03-27 08:59:39,883 [INFO] CADModel:113 - Register for checkConnection events
2024-03-27 08:59:39,883 [FATAL] Updater:308 - Updater called before beeing initialized
2024-03-27 08:59:39,883 [ERROR] CADModel:124 - Updater not yet initialized, retry later 
2024-03-27 08:59:39,980 [INFO] CADModel:164 - CPN selected for project level
2024-03-27 08:59:39,981 [INFO] CADModel:113 - Register for checkConnection events
2024-03-27 08:59:39,981 [FATAL] Updater:308 - Updater called before beeing initialized
2024-03-27 08:59:39,981 [ERROR] CADModel:124 - Updater not yet initialized, retry later 
2024-03-27 08:59:39,983 [FATAL] Updater:308 - Updater called before beeing initialized
2024-03-27 08:59:40,062 [FATAL] Updater:308 - Updater called before beeing initialized
2024-03-27 08:59:40,067 [INFO] DbMcusAds:52 - JSON generation date=Wed Nov 29 17:52:27 ICT 2023 (1701255147349)
2024-03-27 08:59:40,068 [FATAL] Updater:308 - Updater called before beeing initialized
2024-03-27 08:59:40,090 [WARN] DetailPanel:344 - Failed to get advertising image, set to default
2024-03-27 08:59:40,164 [FATAL] Updater:308 - Updater called before beeing initialized
2024-03-27 08:59:40,166 [FATAL] Updater:308 - Updater called before beeing initialized
2024-03-27 08:59:40,166 [FATAL] Updater:308 - Updater called before beeing initialized
2024-03-27 08:59:40,166 [WARN] DetailPanel:344 - Failed to get advertising image, set to default
2024-03-27 08:59:40,167 [FATAL] Updater:308 - Updater called before beeing initialized
2024-03-27 08:59:40,198 [ERROR] Updater:1120 - MainUpdater not yet initialized. External WinMGr cannot be set.
2024-03-27 08:59:40,199 [INFO] Updater:1056 - Updater Version found : 6.7.0
2024-03-27 08:59:40,212 [INFO] ApplicationProperties:181 - Using Application install path: C:\ST\STM32CubeIDE_1.11.2\STM32CubeIDE\plugins\com.st.stm32cube.common.mx_6.7.0.202301130839
2024-03-27 08:59:40,312 [INFO] MainUpdater:2800 - connection check result : 10
2024-03-27 08:59:40,313 [INFO] MainUpdater:282 - Updater Check For Update Now.
2024-03-27 08:59:40,313 [INFO] MicroXplorer:481 - Change Database Version : DB.6.0.70
2024-03-27 08:59:40,475 [INFO] CheckServerUpdateThread:119 - End of CheckServer Thread
2024-03-27 08:59:40,534 [INFO] MainUpdater:2800 - connection check result : 10
2024-03-27 08:59:40,830 [INFO] ApiDb:580 - Connected to CubeFinder SQLite database (C:\Users\ADMIN\.stmcufinder\plugins\mcufinder\mcu\cube-finder-db.db)
2024-03-27 08:59:40,872 [INFO] ApiDb:667 - CubeFinder database Data Model version=2.1
2024-03-27 08:59:40,872 [INFO] ApiDb:668 - CubeFinder database Configuration version=3.0.39
2024-03-27 08:59:40,872 [INFO] ApiDb:669 - CubeFinder database generation date=2024-03-01 (1709305525)
2024-03-27 08:59:40,872 [INFO] ApiDb:670 - CubeFinder database FW Pack versions=[FP-ATR-ASTRA1_V2.0.0, FP-SNS-FLIGHT1_V5.0.1, FP-SNS-FLIGHT1_V5.0.2, FP-SNS-MOTENV1_V4.3.1, FP-SNS-MOTENV1_V4.3.2, FP-SNS-MOTENVWB1_V1.3.1, FP-SNS-SMARTAG2_V1.2.0, STM32Cube_FW_C0_V1.1.0, STM32Cube_FW_F4_V1.28.0, STM32Cube_FW_F7_V1.17.0, STM32Cube_FW_G0_V1.6.2, STM32Cube_FW_G4_V1.5.2, STM32Cube_FW_H5_V0.5.1, STM32Cube_FW_H5_V1.1.1, STM32Cube_FW_H5_V1.2.0, STM32Cube_FW_H5_V1.2.0RC4, STM32Cube_FW_H7RS_V1.0.0, STM32Cube_FW_H7RS_V1.0.0RC4, STM32Cube_FW_H7_V1.11.0, STM32Cube_FW_L0_V1.12.2, STM32Cube_FW_L5_V1.5.1, STM32Cube_FW_U0_V1.0.0, STM32Cube_FW_U0_V1.0.0RC1, STM32Cube_FW_U5_V1.3.0RC4, STM32Cube_FW_U5_V1.5.0, STM32Cube_FW_U5_V1.5.0RC1, STM32Cube_FW_WBA_V1.0.0RC1, STM32Cube_FW_WBA_V1.2.0, STM32Cube_FW_WBA_V1.2.0RC2, STM32Cube_FW_WBA_V1.3.0, STM32Cube_FW_WBA_V1.3.0RC1, STM32Cube_FW_WB_V1.15.0RC1, STM32Cube_FW_WB_V1.16.0, STM32Cube_FW_WB_V1.16.0RC2, STM32Cube_FW_WB_V1.18.0, STM32Cube_FW_WB_V1.19.0, STM32Cube_FW_WL_V1.3.0, X-CUBE-ALGOBUILD_V1.3.0, X-CUBE-ALS_V1.0.1, X-CUBE-AZRTOS-F4_V1.1.0, X-CUBE-AZRTOS-F7_V1.1.0, X-CUBE-AZRTOS-G0_V1.1.0, X-CUBE-AZRTOS-G4_V2.0.0, X-CUBE-AZRTOS-H7_V3.2.0, X-CUBE-AZRTOS-L4_V1.0.0, X-CUBE-AZRTOS-L4_V2.0.0, X-CUBE-AZRTOS-L5_V1.1.0, X-CUBE-AZRTOS-WB_V2.0.0, X-CUBE-AZRTOS-WL_V2.0.0, X-CUBE-BLE1_V7.0.0, X-CUBE-BLE2_V3.3.0, X-CUBE-BLEMGR_V3.1.0, X-CUBE-EEPRMA1_V4.1.0, X-CUBE-EEPRMA1_V5.1.0, X-CUBE-FREERTOS_V1.1.0, X-CUBE-GNSS1_V6.0.0, X-CUBE-MEMS1_V10.0.0, X-CUBE-MEMS1_V9.1.0, X-CUBE-MEMS1_V9.4.0, X-CUBE-MEMS1_V9.6.0, X-CUBE-NFC4_V3.0.0, X-CUBE-NFC7_V1.0.1, X-CUBE-SFXS2LP1_V4.0.0, X-CUBE-SUBG2_V5.0.0, X-CUBE-TOF1_V3.4.0]
2024-03-27 08:59:42,252 [INFO] ApiDb:239 - Found 143 in-development CPN: [B-WB1M-WPAN1, B-WL5M-SUBG1, NUCLEO-C031C6, STEVAL-PROTEUS1, STEVAL-STWINBX1, STM320518-EVAL, STM32C0116-DK, STM32C011D6Y3TR, STM32C011D6Y6TR, STM32C011F4P3, STM32C011F4P6, STM32C011F4U3, STM32C011F4U6TR, STM32C011F6P3, STM32C011F6P6, STM32C011F6U3, STM32C011F6U6TR, STM32C011J4M3, STM32C011J4M6, STM32C011J6M3, STM32C011J6M6, STM32C0316-DK, STM32C031C4T3, STM32C031C4T6, STM32C031C4U3, STM32C031C4U6, STM32C031C6T3, STM32C031C6T6, STM32C031C6U3, STM32C031C6U6, STM32C031F4P3, STM32C031F4P6, STM32C031F6P3, STM32C031F6P6, STM32C031G4U3, STM32C031G4U6, STM32C031G6U3, STM32C031G6U6, STM32C031K4T3, STM32C031K4T6, STM32C031K4U3, STM32C031K4U6, STM32C031K6T3, STM32C031K6T6, STM32C031K6U3, STM32C031K6U6, STM32G071K8TXN, STM32G071K8UXN, STM32G081GBU6N, STM32G081KBT6N, STM32G081KBUXN, STM32G0B1CCT6N, STM32G0B1KCT6, STM32G0B1NEY6TR, STM32G0B1RCT6N, STM32G0C1CCT6, STM32G0C1CCT6N, STM32G0C1CCU6N, STM32G0C1CET6N, STM32G0C1CEU6N, STM32G0C1KCT6, STM32G0C1NEY6TR, STM32G0C1RCI6N, STM32G0C1RCT6N, STM32G0C1REI6N, STM32G0C1RET6N, STM32G0C1VCI6, STM32G0C1VEI6, STM32G471CCT6, STM32G471CCU6, STM32G471CET3, STM32G471CET6, STM32G471CEU3, STM32G471CEU6, STM32G471MCT6, STM32G471MET3, STM32G471MET6, STM32G471MEY6TR, STM32G471QCT6, STM32G471QET3, STM32G471RCT6, STM32G471RET3, STM32G471RET6, STM32G471VCH6, STM32G471VCI6, STM32G471VCT6, STM32G471VEH3, STM32G471VEH6, STM32G471VEI3, STM32G471VEI6, STM32G471VET3, STM32G471VET6, STM32G474CCT6, STM32L476VGY6PTR, STM32L4R5QGI6STR, STM32MP131AAE3, STM32MP131AAF3, STM32MP131AAG3, STM32MP131CAE3, STM32MP131CAF3, STM32MP131CAG3, STM32MP131DAE7, STM32MP131DAF7, STM32MP131DAG7, STM32MP131FAE7, STM32MP131FAF7, STM32MP131FAG7, STM32MP133AAE3, STM32MP133AAF3, STM32MP133AAG3, STM32MP133CAE3, STM32MP133CAF3, STM32MP133CAG3, STM32MP133DAE7, STM32MP133DAF7, STM32MP133DAG7, STM32MP133FAE7, STM32MP133FAF7, STM32MP133FAG7, STM32MP135AAE3, STM32MP135AAF3, STM32MP135AAG3, STM32MP135CAE3, STM32MP135CAF3, STM32MP135CAG3, STM32MP135DAE7, STM32MP135DAF7, STM32MP135DAG7, STM32MP135F-DK, STM32MP135FAE7, STM32MP135FAF7, STM32MP135FAF7T, STM32MP135FAF7U, STM32MP135FAG7, STM32U595ZJT6Q, STM32U599BJY6QTR, STM32U599NIH6Q, STM32U599NJH6Q, STM32U5A5ZJT6Q, STM32U5A9BJY6QTR, STM32U5A9NJH6Q, STM32WB1MMCH6, STM32WL5MOCH6TR]
2024-03-27 08:59:42,256 [INFO] DbMcus:215 - Found 3929 MCUs, 3929 are supported
2024-03-27 08:59:42,262 [INFO] ApiDb:422 - Load user favorites file C:\Users\ADMIN/.stm32cubeide/favorites.mcus.txt: 0 item(s)
2024-03-27 08:59:42,264 [INFO] ApiDb:426 - User favorites MCUs=[]
2024-03-27 08:59:42,264 [INFO] DbMcus:221 - Set 0 / 0 favorites MCUs
2024-03-27 08:59:42,451 [INFO] McuFinderGlobals:65 - Set McuFinderConnectedMode to true
2024-03-27 08:59:42,453 [WARN] PackLoader:242 - Cannot read IP mode file for STMicroelectronics.X-CUBE-SMBUS.2.1.0
2024-03-27 08:59:42,459 [WARN] PackLoader:242 - Cannot read IP mode file for STMicroelectronics.X-CUBE-TOUCHGFX.4.23.0
2024-03-27 08:59:42,460 [INFO] MultiScanPanel:196 - Auto-refresh data requested => check proxy status ongoing
2024-03-27 08:59:42,464 [INFO] FinderPluginLoader:92 - Searching for filters in installed packs
2024-03-27 08:59:42,481 [WARN] PackLoader:242 - Cannot read IP mode file for STMicroelectronics.X-CUBE-AZRTOS-F7.1.1.0
2024-03-27 08:59:42,487 [WARN] PackLoader:242 - Cannot read IP mode file for STMicroelectronics.FP-SNS-MOTENV1.4.3.2
2024-03-27 08:59:42,502 [WARN] PackLoader:242 - Cannot read IP mode file for STMicroelectronics.X-CUBE-BLE1.6.2.4
2024-03-27 08:59:42,508 [WARN] PackLoader:242 - Cannot read IP mode file for STMicroelectronics.FP-SNS-FLIGHT1.5.0.2
2024-03-27 08:59:42,521 [WARN] PackLoader:242 - Cannot read IP mode file for STMicroelectronics.X-CUBE-DISPLAY.3.0.0
2024-03-27 08:59:42,530 [WARN] PackLoader:242 - Cannot read IP mode file for STMicroelectronics.X-CUBE-BLE1.7.0.0
2024-03-27 08:59:42,544 [WARN] PackLoader:242 - Cannot read IP mode file for STMicroelectronics.X-CUBE-BLEMGR.3.1.0
2024-03-27 08:59:42,549 [WARN] PackLoader:242 - Cannot read IP mode file for STMicroelectronics.FP-SNS-SMARTAG2.1.2.0
2024-03-27 08:59:42,568 [INFO] LogOutputStream:76 - [STDOUT_REDIRECT] 1 : Invalid condition id : UX_CORESTACK_Condition cause : null
2024-03-27 08:59:42,569 [INFO] LogOutputStream:76 - [STDOUT_REDIRECT] 1 : Invalid condition id : UX_CORESTACK_Condition cause : null
2024-03-27 08:59:42,570 [INFO] LogOutputStream:76 - [STDOUT_REDIRECT] 1 : Invalid condition id : UX_CORESTACK_Condition cause : null
2024-03-27 08:59:42,572 [INFO] LogOutputStream:76 - [STDOUT_REDIRECT] 1 : Invalid condition id : UX_CORESTACK_Condition cause : null
2024-03-27 08:59:42,573 [INFO] LogOutputStream:76 - [STDOUT_REDIRECT] 1 : Invalid condition id : UX_CORESTACK_Condition cause : null
2024-03-27 08:59:42,576 [WARN] PackLoader:242 - Cannot read IP mode file for STMicroelectronics.X-CUBE-AZRTOS-WL.2.0.0
2024-03-27 08:59:42,588 [WARN] PackLoader:242 - Cannot read IP mode file for WES.I-CUBE-Cesium.1.3.0
2024-03-27 08:59:42,593 [WARN] PackLoader:242 - Cannot read IP mode file for STMicroelectronics.X-CUBE-BLE2.3.3.0
2024-03-27 08:59:42,605 [WARN] PackLoader:242 - Cannot read IP mode file for STMicroelectronics.X-CUBE-TOF1.3.2.0
2024-03-27 08:59:42,615 [WARN] PackLoader:242 - Cannot read IP mode file for STMicroelectronics.X-CUBE-TOUCHGFX.4.21.1
2024-03-27 08:59:42,621 [WARN] PackLoader:242 - Cannot read IP mode file for STMicroelectronics.X-CUBE-ALGOBUILD.1.3.0
2024-03-27 08:59:42,645 [WARN] PackLoader:242 - Cannot read IP mode file for STMicroelectronics.X-CUBE-AZRTOS-G0.1.1.0
2024-03-27 08:59:42,650 [WARN] PackLoader:242 - Cannot read IP mode file for STMicroelectronics.X-CUBE-NFC4.3.0.0
2024-03-27 08:59:42,657 [WARN] PackLoader:242 - Cannot read IP mode file for STMicroelectronics.X-CUBE-BLEMGR.3.0.0
2024-03-27 08:59:42,672 [WARN] PackLoader:242 - Cannot read IP mode file for STMicroelectronics.X-CUBE-BLEMGR.1.3.0
2024-03-27 08:59:42,676 [WARN] PackLoader:242 - Cannot read IP mode file for STMicroelectronics.FP-ATR-SIGFOX1.3.2.0
2024-03-27 08:59:42,681 [WARN] PackLoader:242 - Cannot read IP mode file for STMicroelectronics.X-CUBE-EEPRMA1.5.1.0
2024-03-27 08:59:42,732 [WARN] PackLoader:242 - Cannot read IP mode file for STMicroelectronics.X-CUBE-MEMS1.9.5.0
2024-03-27 08:59:42,851 [WARN] PackLoader:242 - Cannot read IP mode file for SEGGER.I-CUBE-embOS.1.3.1
2024-03-27 08:59:42,877 [WARN] PackLoader:242 - Cannot read IP mode file for STMicroelectronics.X-CUBE-GNSS1.6.0.0
2024-03-27 08:59:42,885 [WARN] PackLoader:242 - Cannot read IP mode file for STMicroelectronics.X-CUBE-AZRTOS-F4.1.1.0
2024-03-27 08:59:42,896 [WARN] PackLoader:242 - Cannot read IP mode file for STMicroelectronics.X-CUBE-AZRTOS-L5.2.0.0
2024-03-27 08:59:42,902 [WARN] PackLoader:242 - Cannot read IP mode file for STMicroelectronics.X-CUBE-NFC6.3.1.0
2024-03-27 08:59:42,912 [WARN] PackLoader:242 - Cannot read IP mode file for ITTIA_DB.I-CUBE-ITTIADB.8.8.0
2024-03-27 08:59:42,916 [WARN] PackLoader:242 - Cannot read IP mode file for emotas.I-CUBE-CANOPEN.1.1.3
2024-03-27 08:59:42,919 [WARN] PackLoader:242 - Cannot read IP mode file for wolfSSL.I-CUBE-wolfSSL.5.5.4
2024-03-27 08:59:42,922 [WARN] PackLoader:242 - Cannot read IP mode file for STMicroelectronics.X-CUBE-NFC7.1.0.1
2024-03-27 08:59:42,926 [WARN] PackLoader:242 - Cannot read IP mode file for STMicroelectronics.X-CUBE-NFC7.1.0.0
2024-03-27 08:59:42,930 [WARN] PackLoader:242 - Cannot read IP mode file for STMicroelectronics.X-CUBE-NFC6.3.0.0
2024-03-27 08:59:42,945 [WARN] PackLoader:242 - Cannot read IP mode file for STMicroelectronics.X-CUBE-EEPRMA1.4.1.0
2024-03-27 08:59:42,950 [WARN] PackLoader:242 - Cannot read IP mode file for STMicroelectronics.X-CUBE-AI.8.1.0
2024-03-27 08:59:42,993 [WARN] ConditionMgr:437 - getConditionDescription Invalid condition id : LAN8742 Phy interface Condition cause : null
2024-03-27 08:59:42,994 [WARN] PackLoader:242 - Cannot read IP mode file for STMicroelectronics.X-CUBE-AZRTOS-L4.2.0.0
2024-03-27 08:59:42,995 [WARN] ConditionMgr:1038 - genDependencies : Invalid condition id : LAN8742 Phy interface Condition cause : null
2024-03-27 08:59:42,996 [WARN] ConditionMgr:1038 - genDependencies : Invalid condition id : LAN8742 Phy interface Condition cause : null
2024-03-27 08:59:42,997 [WARN] ConditionMgr:1038 - genDependencies : Invalid condition id : LAN8742 Phy interface Condition cause : null
2024-03-27 08:59:43,003 [WARN] PackLoader:242 - Cannot read IP mode file for STMicroelectronics.X-CUBE-SFXS2LP1.4.0.0
2024-03-27 08:59:43,022 [WARN] PackLoader:242 - Cannot read IP mode file for STMicroelectronics.X-CUBE-AZRTOS-H7.3.0.0
2024-03-27 08:59:43,027 [WARN] PackLoader:242 - Cannot read IP mode file for STMicroelectronics.X-CUBE-ISPU.1.1.0
2024-03-27 08:59:43,031 [WARN] PackLoader:242 - Cannot read IP mode file for RoweBots.I-CUBE-UNISONRTOS.5.5.0-4
2024-03-27 08:59:43,033 [WARN] PackLoader:242 - Cannot read IP mode file for STMicroelectronics.X-CUBE-AI.8.0.0
2024-03-27 08:59:43,040 [WARN] ConditionMgr:437 - getConditionDescription Invalid condition id : UX DEVICE CLASS RTOS Condition cause : null
2024-03-27 08:59:43,040 [WARN] ConditionMgr:437 - getConditionDescription Invalid condition id : UX DEVICE CLASS RTOS Condition cause : null
2024-03-27 08:59:43,042 [WARN] PackLoader:242 - Cannot read IP mode file for STMicroelectronics.X-CUBE-AZRTOS-WB.2.0.0
2024-03-27 08:59:43,043 [WARN] ConditionMgr:1038 - genDependencies : Invalid condition id : UX DEVICE CLASS RTOS Condition cause : null
2024-03-27 08:59:43,044 [WARN] ConditionMgr:1038 - genDependencies : Invalid condition id : UX DEVICE CLASS RTOS Condition cause : null
2024-03-27 08:59:43,044 [WARN] ConditionMgr:1038 - genDependencies : Invalid condition id : UX DEVICE CLASS RTOS Condition cause : null
2024-03-27 08:59:43,045 [WARN] ConditionMgr:1038 - genDependencies : Invalid condition id : UX DEVICE CLASS RTOS Condition cause : null
2024-03-27 08:59:43,045 [WARN] ConditionMgr:1038 - genDependencies : Invalid condition id : UX DEVICE CLASS RTOS Condition cause : null
2024-03-27 08:59:43,053 [WARN] PackLoader:242 - Cannot read IP mode file for STMicroelectronics.X-CUBE-AZRTOS-L5.1.1.0
2024-03-27 08:59:43,060 [WARN] PackLoader:242 - Cannot read IP mode file for STMicroelectronics.X-CUBE-SUBG2.5.0.0
2024-03-27 08:59:43,071 [WARN] PackLoader:242 - Cannot read IP mode file for STMicroelectronics.X-CUBE-AZRTOS-G4.2.0.0
2024-03-27 08:59:43,074 [WARN] PackLoader:242 - Cannot read IP mode file for STMicroelectronics.FP-ATR-ASTRA1.1.1.1
2024-03-27 08:59:43,084 [WARN] PackLoader:242 - Cannot read IP mode file for Infineon.AIROC-Wi-Fi-Bluetooth-STM32.1.5.1
2024-03-27 08:59:43,090 [WARN] PackLoader:242 - Cannot read IP mode file for STMicroelectronics.FP-SNS-MOTENVWB1.1.3.1
2024-03-27 08:59:43,099 [WARN] PackLoader:242 - Cannot read IP mode file for STMicroelectronics.X-CUBE-AZRTOS-G4.1.0.0
2024-03-27 08:59:43,112 [WARN] PackLoader:242 - Cannot read IP mode file for STMicroelectronics.X-CUBE-AZRTOS-L4.1.0.0
2024-03-27 08:59:43,117 [WARN] PackLoader:242 - Cannot read IP mode file for STMicroelectronics.X-CUBE-ISPU.2.0.0
2024-03-27 08:59:43,141 [WARN] PackLoader:242 - Cannot read IP mode file for STMicroelectronics.X-CUBE-MEMS1.10.0.0
2024-03-27 08:59:43,200 [WARN] PackLoader:242 - Cannot read IP mode file for STMicroelectronics.X-CUBE-FREERTOS.1.1.0
2024-03-27 08:59:43,205 [WARN] PackLoader:242 - Cannot read IP mode file for STMicroelectronics.X-CUBE-AZRTOS-WL.1.0.0
2024-03-27 08:59:43,209 [WARN] PackLoader:242 - Cannot read IP mode file for portGmbH.I-Cube-SoM-uGOAL.1.1.0
2024-03-27 08:59:43,213 [WARN] PackLoader:242 - Cannot read IP mode file for STMicroelectronics.X-CUBE-ALS.1.0.1
2024-03-27 08:59:43,223 [WARN] PackLoader:242 - Cannot read IP mode file for STMicroelectronics.X-CUBE-AZRTOS-WB.1.1.0
2024-03-27 08:59:43,226 [WARN] PackLoader:242 - Cannot read IP mode file for STMicroelectronics.FP-ATR-ASTRA1.2.0.0
2024-03-27 08:59:43,234 [WARN] PackLoader:242 - Cannot read IP mode file for STMicroelectronics.X-CUBE-TOF1.3.4.0
2024-03-27 08:59:43,245 [WARN] PackLoader:242 - Cannot read IP mode file for STMicroelectronics.X-CUBE-TOF1.3.4.1
2024-03-27 08:59:43,263 [WARN] PackLoader:242 - Cannot read IP mode file for STMicroelectronics.X-CUBE-AZRTOS-H7.3.2.0
2024-03-27 08:59:43,265 [INFO] ThirdParty:947 - Integrity check success = true
2024-03-27 08:59:43,266 [INFO] IntegrityCheckThread:98 - exiting critical section [integrity check]
2024-03-27 08:59:43,267 [INFO] IntegrityCheckThread:101 - End integrity checks thread
2024-03-27 08:59:43,775 [ERROR] LogOutputStream:74 - [STDERR_REDIRECT] SLF4J: Failed to load class "org.slf4j.impl.StaticLoggerBinder".
2024-03-27 08:59:43,776 [ERROR] LogOutputStream:74 - [STDERR_REDIRECT] SLF4J: Defaulting to no-operation (NOP) logger implementation
2024-03-27 08:59:43,778 [ERROR] LogOutputStream:74 - [STDERR_REDIRECT] SLF4J: See http://www.slf4j.org/codes.html#StaticLoggerBinder for further details.
2024-03-27 08:59:43,889 [INFO] LoadUrlFilesThread:179 - End of LoadServerUrlFiles without Thread
2024-03-27 08:59:43,897 [INFO] DetailPanel:339 - Set advertising image to C:/Users/ADMIN/STM32Cube/Repository/\en.prom-stm32wl3-mcu-finder.jpg
2024-03-27 08:59:44,421 [INFO] ApiDb:667 - CubeFinder database Data Model version=2.1
2024-03-27 08:59:44,421 [INFO] ApiDb:668 - CubeFinder database Configuration version=3.0.39
2024-03-27 08:59:44,421 [INFO] ApiDb:669 - CubeFinder database generation date=2024-03-01 (1709305525)
2024-03-27 08:59:44,422 [INFO] ApiDb:670 - CubeFinder database FW Pack versions=[FP-ATR-ASTRA1_V2.0.0, FP-SNS-FLIGHT1_V5.0.1, FP-SNS-FLIGHT1_V5.0.2, FP-SNS-MOTENV1_V4.3.1, FP-SNS-MOTENV1_V4.3.2, FP-SNS-MOTENVWB1_V1.3.1, FP-SNS-SMARTAG2_V1.2.0, STM32Cube_FW_C0_V1.1.0, STM32Cube_FW_F4_V1.28.0, STM32Cube_FW_F7_V1.17.0, STM32Cube_FW_G0_V1.6.2, STM32Cube_FW_G4_V1.5.2, STM32Cube_FW_H5_V0.5.1, STM32Cube_FW_H5_V1.1.1, STM32Cube_FW_H5_V1.2.0, STM32Cube_FW_H5_V1.2.0RC4, STM32Cube_FW_H7RS_V1.0.0, STM32Cube_FW_H7RS_V1.0.0RC4, STM32Cube_FW_H7_V1.11.0, STM32Cube_FW_L0_V1.12.2, STM32Cube_FW_L5_V1.5.1, STM32Cube_FW_U0_V1.0.0, STM32Cube_FW_U0_V1.0.0RC1, STM32Cube_FW_U5_V1.3.0RC4, STM32Cube_FW_U5_V1.5.0, STM32Cube_FW_U5_V1.5.0RC1, STM32Cube_FW_WBA_V1.0.0RC1, STM32Cube_FW_WBA_V1.2.0, STM32Cube_FW_WBA_V1.2.0RC2, STM32Cube_FW_WBA_V1.3.0, STM32Cube_FW_WBA_V1.3.0RC1, STM32Cube_FW_WB_V1.15.0RC1, STM32Cube_FW_WB_V1.16.0, STM32Cube_FW_WB_V1.16.0RC2, STM32Cube_FW_WB_V1.18.0, STM32Cube_FW_WB_V1.19.0, STM32Cube_FW_WL_V1.3.0, X-CUBE-ALGOBUILD_V1.3.0, X-CUBE-ALS_V1.0.1, X-CUBE-AZRTOS-F4_V1.1.0, X-CUBE-AZRTOS-F7_V1.1.0, X-CUBE-AZRTOS-G0_V1.1.0, X-CUBE-AZRTOS-G4_V2.0.0, X-CUBE-AZRTOS-H7_V3.2.0, X-CUBE-AZRTOS-L4_V1.0.0, X-CUBE-AZRTOS-L4_V2.0.0, X-CUBE-AZRTOS-L5_V1.1.0, X-CUBE-AZRTOS-WB_V2.0.0, X-CUBE-AZRTOS-WL_V2.0.0, X-CUBE-BLE1_V7.0.0, X-CUBE-BLE2_V3.3.0, X-CUBE-BLEMGR_V3.1.0, X-CUBE-EEPRMA1_V4.1.0, X-CUBE-EEPRMA1_V5.1.0, X-CUBE-FREERTOS_V1.1.0, X-CUBE-GNSS1_V6.0.0, X-CUBE-MEMS1_V10.0.0, X-CUBE-MEMS1_V9.1.0, X-CUBE-MEMS1_V9.4.0, X-CUBE-MEMS1_V9.6.0, X-CUBE-NFC4_V3.0.0, X-CUBE-NFC7_V1.0.1, X-CUBE-SFXS2LP1_V4.0.0, X-CUBE-SUBG2_V5.0.0, X-CUBE-TOF1_V3.4.0]
2024-03-27 08:59:44,468 [INFO] DbBoardsSqlite:225 - include board P-NUCLEO-WB55-NUCLEO as a kit item of type 'Nucleo-64'
2024-03-27 08:59:44,469 [INFO] DbBoardsSqlite:225 - include board P-NUCLEO-WB55-USBDONGLE as a kit item of type 'Nucleo USB Dongle'
2024-03-27 08:59:44,469 [INFO] DbBoardsSqlite:225 - include board STEVAL-IDP005V1 as a kit item of type 'Evaluation Board'
2024-03-27 08:59:44,470 [INFO] DbBoardsSqlite:225 - include board STEVAL-IDP005V2 as a kit item of type 'Evaluation Board'
2024-03-27 08:59:44,508 [INFO] ApiDb:239 - Found 143 in-development CPN: [B-WB1M-WPAN1, B-WL5M-SUBG1, NUCLEO-C031C6, STEVAL-PROTEUS1, STEVAL-STWINBX1, STM320518-EVAL, STM32C0116-DK, STM32C011D6Y3TR, STM32C011D6Y6TR, STM32C011F4P3, STM32C011F4P6, STM32C011F4U3, STM32C011F4U6TR, STM32C011F6P3, STM32C011F6P6, STM32C011F6U3, STM32C011F6U6TR, STM32C011J4M3, STM32C011J4M6, STM32C011J6M3, STM32C011J6M6, STM32C0316-DK, STM32C031C4T3, STM32C031C4T6, STM32C031C4U3, STM32C031C4U6, STM32C031C6T3, STM32C031C6T6, STM32C031C6U3, STM32C031C6U6, STM32C031F4P3, STM32C031F4P6, STM32C031F6P3, STM32C031F6P6, STM32C031G4U3, STM32C031G4U6, STM32C031G6U3, STM32C031G6U6, STM32C031K4T3, STM32C031K4T6, STM32C031K4U3, STM32C031K4U6, STM32C031K6T3, STM32C031K6T6, STM32C031K6U3, STM32C031K6U6, STM32G071K8TXN, STM32G071K8UXN, STM32G081GBU6N, STM32G081KBT6N, STM32G081KBUXN, STM32G0B1CCT6N, STM32G0B1KCT6, STM32G0B1NEY6TR, STM32G0B1RCT6N, STM32G0C1CCT6, STM32G0C1CCT6N, STM32G0C1CCU6N, STM32G0C1CET6N, STM32G0C1CEU6N, STM32G0C1KCT6, STM32G0C1NEY6TR, STM32G0C1RCI6N, STM32G0C1RCT6N, STM32G0C1REI6N, STM32G0C1RET6N, STM32G0C1VCI6, STM32G0C1VEI6, STM32G471CCT6, STM32G471CCU6, STM32G471CET3, STM32G471CET6, STM32G471CEU3, STM32G471CEU6, STM32G471MCT6, STM32G471MET3, STM32G471MET6, STM32G471MEY6TR, STM32G471QCT6, STM32G471QET3, STM32G471RCT6, STM32G471RET3, STM32G471RET6, STM32G471VCH6, STM32G471VCI6, STM32G471VCT6, STM32G471VEH3, STM32G471VEH6, STM32G471VEI3, STM32G471VEI6, STM32G471VET3, STM32G471VET6, STM32G474CCT6, STM32L476VGY6PTR, STM32L4R5QGI6STR, STM32MP131AAE3, STM32MP131AAF3, STM32MP131AAG3, STM32MP131CAE3, STM32MP131CAF3, STM32MP131CAG3, STM32MP131DAE7, STM32MP131DAF7, STM32MP131DAG7, STM32MP131FAE7, STM32MP131FAF7, STM32MP131FAG7, STM32MP133AAE3, STM32MP133AAF3, STM32MP133AAG3, STM32MP133CAE3, STM32MP133CAF3, STM32MP133CAG3, STM32MP133DAE7, STM32MP133DAF7, STM32MP133DAG7, STM32MP133FAE7, STM32MP133FAF7, STM32MP133FAG7, STM32MP135AAE3, STM32MP135AAF3, STM32MP135AAG3, STM32MP135CAE3, STM32MP135CAF3, STM32MP135CAG3, STM32MP135DAE7, STM32MP135DAF7, STM32MP135DAG7, STM32MP135F-DK, STM32MP135FAE7, STM32MP135FAF7, STM32MP135FAF7T, STM32MP135FAF7U, STM32MP135FAG7, STM32U595ZJT6Q, STM32U599BJY6QTR, STM32U599NIH6Q, STM32U599NJH6Q, STM32U5A5ZJT6Q, STM32U5A9BJY6QTR, STM32U5A9NJH6Q, STM32WB1MMCH6, STM32WL5MOCH6TR]
2024-03-27 08:59:44,519 [INFO] BoardInfo:879 - No configuration file found for board B-G473E-ZEST1S
2024-03-27 08:59:44,519 [INFO] DbBoards:156 - Board is not supported: B-G473E-ZEST1S
2024-03-27 08:59:44,555 [INFO] BoardInfo:879 - No configuration file found for board NUCLEO-H503RB
2024-03-27 08:59:44,556 [INFO] DbBoards:156 - Board is not supported: NUCLEO-H503RB
2024-03-27 08:59:44,556 [INFO] BoardInfo:879 - No configuration file found for board NUCLEO-H563ZI
2024-03-27 08:59:44,557 [INFO] DbBoards:156 - Board is not supported: NUCLEO-H563ZI
2024-03-27 08:59:44,579 [INFO] BoardInfo:879 - No configuration file found for board NUCLEO-U545RE-Q
2024-03-27 08:59:44,579 [INFO] DbBoards:156 - Board is not supported: NUCLEO-U545RE-Q
2024-03-27 08:59:44,580 [INFO] BoardInfo:879 - No configuration file found for board NUCLEO-U5A5ZJ-Q
2024-03-27 08:59:44,581 [INFO] DbBoards:156 - Board is not supported: NUCLEO-U5A5ZJ-Q
2024-03-27 08:59:44,583 [INFO] BoardInfo:879 - No configuration file found for board NUCLEO-WBA52CG
2024-03-27 08:59:44,583 [INFO] DbBoards:156 - Board is not supported: NUCLEO-WBA52CG
2024-03-27 08:59:44,588 [INFO] BoardInfo:879 - No configuration file found for board P-NUCLEO-WB55
2024-03-27 08:59:44,588 [INFO] DbBoards:156 - Kit is not supported: P-NUCLEO-WB55
2024-03-27 08:59:44,592 [INFO] BoardInfo:879 - No configuration file found for board STEVAL-BFA001V1B
2024-03-27 08:59:44,592 [INFO] DbBoards:156 - Kit is not supported: STEVAL-BFA001V1B
2024-03-27 08:59:44,592 [INFO] BoardInfo:879 - No configuration file found for board STEVAL-BFA001V2B
2024-03-27 08:59:44,592 [INFO] DbBoards:156 - Kit is not supported: STEVAL-BFA001V2B
2024-03-27 08:59:44,600 [INFO] BoardInfo:879 - No configuration file found for board STEVAL-MKBOXPRO
2024-03-27 08:59:44,601 [INFO] DbBoards:156 - Board is not supported: STEVAL-MKBOXPRO
2024-03-27 08:59:44,605 [INFO] BoardInfo:879 - No configuration file found for board STEVAL-SMARTAG2
2024-03-27 08:59:44,605 [INFO] DbBoards:156 - Board is not supported: STEVAL-SMARTAG2
2024-03-27 08:59:44,667 [INFO] BoardInfo:879 - No configuration file found for board STM32H573I-DK
2024-03-27 08:59:44,667 [INFO] DbBoards:156 - Board is not supported: STM32H573I-DK
2024-03-27 08:59:44,700 [INFO] BoardInfo:879 - No configuration file found for board STM32U5A9J-DK
2024-03-27 08:59:44,701 [INFO] DbBoards:156 - Board is not supported: STM32U5A9J-DK
2024-03-27 08:59:44,703 [INFO] BoardInfo:879 - No configuration file found for board STM32U5G9J-DK1
2024-03-27 08:59:44,703 [INFO] DbBoards:156 - Board is not supported: STM32U5G9J-DK1
2024-03-27 08:59:44,704 [INFO] BoardInfo:879 - No configuration file found for board STM32U5G9J-DK2
2024-03-27 08:59:44,704 [INFO] DbBoards:156 - Board is not supported: STM32U5G9J-DK2
2024-03-27 08:59:44,706 [INFO] DbBoards:160 - Found 191 boards, 176 are supported
2024-03-27 08:59:44,709 [INFO] ApiDb:422 - Load user favorites file C:\Users\ADMIN/.stm32cubeide/favorites.boards.txt: 0 item(s)
2024-03-27 08:59:44,710 [INFO] ApiDb:426 - User favorites Boards=[]
2024-03-27 08:59:44,710 [INFO] DbBoards:189 - Set 0 / 0 favorites Boards
2024-03-27 09:00:18,329 [INFO] McuFinderGlobals:65 - Set McuFinderConnectedMode to true
2024-03-27 09:00:18,340 [INFO] ApiDb:447 - Save user favorites file C:\Users\ADMIN/.stm32cubeide/favorites.mcus.txt: 0 item(s)
2024-03-27 09:00:18,340 [INFO] ApiDb:451 - User favorites MCUs=[]
2024-03-27 09:00:20,329 [ERROR] ConfigurationRetriever:140 - IOException on connection: connect timed out
2024-03-27 09:00:22,344 [ERROR] ConfigurationRetriever:140 - IOException on connection: connect timed out
2024-03-27 09:00:24,345 [ERROR] ConfigurationRetriever:140 - IOException on connection: connect timed out
2024-03-27 09:02:00,277 [ERROR] ConfigurationRetriever:140 - IOException on connection: connect timed out
2024-03-27 09:02:02,286 [ERROR] ConfigurationRetriever:140 - IOException on connection: connect timed out
2024-03-27 09:02:04,301 [ERROR] ConfigurationRetriever:140 - IOException on connection: connect timed out
2024-03-27 09:02:04,550 [INFO] JxBrowserEngine:114 - Initiate JxBrowser Engine with user profile folder
2024-03-27 09:02:05,111 [INFO] WebAppUi:459 - Close the Jxbrowser engine manually
2024-03-27 09:02:05,135 [INFO] WebAppUi:462 - Profiles folder deleted
2024-03-27 09:02:05,427 [ERROR] LogOutputStream:74 - [STDERR_REDIRECT] 
2024-03-27 09:02:09,073 [INFO] Activator:179 - 


2024-03-27 09:02:09,074 [INFO] Activator:180 - !SESSION log4j initialized
2024-03-27 09:02:15,592 [ERROR] ConfigurationRetriever:140 - IOException on connection: connect timed out
2024-03-27 09:02:17,600 [ERROR] ConfigurationRetriever:140 - IOException on connection: connect timed out
2024-03-27 09:02:19,603 [ERROR] ConfigurationRetriever:140 - IOException on connection: connect timed out
2024-03-27 09:02:29,568 [ERROR] ConfigurationRetriever:140 - IOException on connection: connect timed out
2024-03-27 09:02:31,577 [ERROR] ConfigurationRetriever:140 - IOException on connection: connect timed out
2024-03-27 09:02:33,585 [ERROR] ConfigurationRetriever:140 - IOException on connection: connect timed out
2024-03-27 09:02:34,215 [ERROR] LogOutputStream:74 - [STDERR_REDIRECT] SLF4J: Failed to load class "org.slf4j.impl.StaticLoggerBinder".
2024-03-27 09:02:34,215 [ERROR] LogOutputStream:74 - [STDERR_REDIRECT] SLF4J: Defaulting to no-operation (NOP) logger implementation
2024-03-27 09:02:34,216 [ERROR] LogOutputStream:74 - [STDERR_REDIRECT] SLF4J: See http://www.slf4j.org/codes.html#StaticLoggerBinder for further details.
2024-03-27 09:04:16,458 [ERROR] ConfigurationRetriever:140 - IOException on connection: connect timed out
2024-03-27 09:04:18,473 [ERROR] ConfigurationRetriever:140 - IOException on connection: connect timed out
2024-03-27 09:04:20,485 [ERROR] ConfigurationRetriever:140 - IOException on connection: connect timed out
